CRITICAL - 2022-04-25 13:14:31 --> Undefined property: App\Controllers\Home::$db
#0 D:\WebSpace\KB\Api-Karigar-Bazar\app\Controllers\Home.php(10): CodeIgniter\Debug\Exceptions->errorHandler(2, 'Undefined prope...', 'D:\\WebSpace\\KB\\...', 10)
#1 D:\WebSpace\KB\Api-Karigar-Bazar\system\CodeIgniter.php(832): App\Controllers\Home->index()
#2 D:\WebSpace\KB\Api-Karigar-Bazar\system\CodeIgniter.php(419): CodeIgniter\CodeIgniter->runController(Object(App\Controllers\Home))
#3 D:\WebSpace\KB\Api-Karigar-Bazar\system\CodeIgniter.php(326): CodeIgniter\CodeIgniter->handleRequest(NULL, Object(Config\Cache), false)
#4 D:\WebSpace\KB\Api-Karigar-Bazar\index.php(37): CodeIgniter\CodeIgniter->run()
#5 {main}
CRITICAL - 2022-04-25 13:15:37 --> Undefined property: App\Controllers\Home::$db
#0 D:\WebSpace\KB\Api-Karigar-Bazar\app\Controllers\Home.php(10): CodeIgniter\Debug\Exceptions->errorHandler(2, 'Undefined prope...', 'D:\\WebSpace\\KB\\...', 10)
#1 D:\WebSpace\KB\Api-Karigar-Bazar\system\CodeIgniter.php(832): App\Controllers\Home->index()
#2 D:\WebSpace\KB\Api-Karigar-Bazar\system\CodeIgniter.php(419): CodeIgniter\CodeIgniter->runController(Object(App\Controllers\Home))
#3 D:\WebSpace\KB\Api-Karigar-Bazar\system\CodeIgniter.php(326): CodeIgniter\CodeIgniter->handleRequest(NULL, Object(Config\Cache), false)
#4 D:\WebSpace\KB\Api-Karigar-Bazar\index.php(37): CodeIgniter\CodeIgniter->run()
#5 {main}
CRITICAL - 2022-04-25 13:16:03 --> Undefined property: App\Controllers\Home::$db
#0 D:\WebSpace\KB\Api-Karigar-Bazar\app\Controllers\Home.php(10): CodeIgniter\Debug\Exceptions->errorHandler(2, 'Undefined prope...', 'D:\\WebSpace\\KB\\...', 10)
#1 D:\WebSpace\KB\Api-Karigar-Bazar\system\CodeIgniter.php(832): App\Controllers\Home->index()
#2 D:\WebSpace\KB\Api-Karigar-Bazar\system\CodeIgniter.php(419): CodeIgniter\CodeIgniter->runController(Object(App\Controllers\Home))
#3 D:\WebSpace\KB\Api-Karigar-Bazar\system\CodeIgniter.php(326): CodeIgniter\CodeIgniter->handleRequest(NULL, Object(Config\Cache), false)
#4 D:\WebSpace\KB\Api-Karigar-Bazar\index.php(37): CodeIgniter\CodeIgniter->run()
#5 {main}
CRITICAL - 2022-04-25 13:16:51 --> Undefined property: App\Controllers\Home::$db
#0 D:\WebSpace\KB\Api-Karigar-Bazar\app\Controllers\Home.php(10): CodeIgniter\Debug\Exceptions->errorHandler(2, 'Undefined prope...', 'D:\\WebSpace\\KB\\...', 10)
#1 D:\WebSpace\KB\Api-Karigar-Bazar\system\CodeIgniter.php(832): App\Controllers\Home->index()
#2 D:\WebSpace\KB\Api-Karigar-Bazar\system\CodeIgniter.php(419): CodeIgniter\CodeIgniter->runController(Object(App\Controllers\Home))
#3 D:\WebSpace\KB\Api-Karigar-Bazar\system\CodeIgniter.php(326): CodeIgniter\CodeIgniter->handleRequest(NULL, Object(Config\Cache), false)
#4 D:\WebSpace\KB\Api-Karigar-Bazar\index.php(37): CodeIgniter\CodeIgniter->run()
#5 {main}
CRITICAL - 2022-04-25 13:17:15 --> Undefined property: App\Controllers\Home::$db
#0 D:\WebSpace\KB\Api-Karigar-Bazar\app\Controllers\Home.php(10): CodeIgniter\Debug\Exceptions->errorHandler(2, 'Undefined prope...', 'D:\\WebSpace\\KB\\...', 10)
#1 D:\WebSpace\KB\Api-Karigar-Bazar\system\CodeIgniter.php(832): App\Controllers\Home->index()
#2 D:\WebSpace\KB\Api-Karigar-Bazar\system\CodeIgniter.php(419): CodeIgniter\CodeIgniter->runController(Object(App\Controllers\Home))
#3 D:\WebSpace\KB\Api-Karigar-Bazar\system\CodeIgniter.php(326): CodeIgniter\CodeIgniter->handleRequest(NULL, Object(Config\Cache), false)
#4 D:\WebSpace\KB\Api-Karigar-Bazar\index.php(37): CodeIgniter\CodeIgniter->run()
#5 {main}
CRITICAL - 2022-04-25 13:17:19 --> Undefined property: App\Controllers\Home::$db
#0 D:\WebSpace\KB\Api-Karigar-Bazar\app\Controllers\Home.php(10): CodeIgniter\Debug\Exceptions->errorHandler(2, 'Undefined prope...', 'D:\\WebSpace\\KB\\...', 10)
#1 D:\WebSpace\KB\Api-Karigar-Bazar\system\CodeIgniter.php(832): App\Controllers\Home->index()
#2 D:\WebSpace\KB\Api-Karigar-Bazar\system\CodeIgniter.php(419): CodeIgniter\CodeIgniter->runController(Object(App\Controllers\Home))
#3 D:\WebSpace\KB\Api-Karigar-Bazar\system\CodeIgniter.php(326): CodeIgniter\CodeIgniter->handleRequest(NULL, Object(Config\Cache), false)
#4 D:\WebSpace\KB\Api-Karigar-Bazar\index.php(37): CodeIgniter\CodeIgniter->run()
#5 {main}
CRITICAL - 2022-04-25 13:18:18 --> Undefined property: App\Controllers\Home::$db
#0 D:\WebSpace\KB\Api-Karigar-Bazar\app\Controllers\Home.php(10): CodeIgniter\Debug\Exceptions->errorHandler(2, 'Undefined prope...', 'D:\\WebSpace\\KB\\...', 10)
#1 D:\WebSpace\KB\Api-Karigar-Bazar\system\CodeIgniter.php(832): App\Controllers\Home->index()
#2 D:\WebSpace\KB\Api-Karigar-Bazar\system\CodeIgniter.php(419): CodeIgniter\CodeIgniter->runController(Object(App\Controllers\Home))
#3 D:\WebSpace\KB\Api-Karigar-Bazar\system\CodeIgniter.php(326): CodeIgniter\CodeIgniter->handleRequest(NULL, Object(Config\Cache), false)
#4 D:\WebSpace\KB\Api-Karigar-Bazar\index.php(37): CodeIgniter\CodeIgniter->run()
#5 {main}
CRITICAL - 2022-04-25 13:19:05 --> Call to undefined function App\Controllers\p()
#0 D:\WebSpace\KB\Api-Karigar-Bazar\system\CodeIgniter.php(832): App\Controllers\Home->index()
#1 D:\WebSpace\KB\Api-Karigar-Bazar\system\CodeIgniter.php(419): CodeIgniter\CodeIgniter->runController(Object(App\Controllers\Home))
#2 D:\WebSpace\KB\Api-Karigar-Bazar\system\CodeIgniter.php(326): CodeIgniter\CodeIgniter->handleRequest(NULL, Object(Config\Cache), false)
#3 D:\WebSpace\KB\Api-Karigar-Bazar\index.php(37): CodeIgniter\CodeIgniter->run()
#4 {main}
CRITICAL - 2022-04-25 13:33:10 --> Undefined property: App\Controllers\Home::$db
#0 D:\WebSpace\KB\Api-Karigar-Bazar\app\Controllers\Home.php(10): CodeIgniter\Debug\Exceptions->errorHandler(2, 'Undefined prope...', 'D:\\WebSpace\\KB\\...', 10)
#1 D:\WebSpace\KB\Api-Karigar-Bazar\system\CodeIgniter.php(832): App\Controllers\Home->index()
#2 D:\WebSpace\KB\Api-Karigar-Bazar\system\CodeIgniter.php(419): CodeIgniter\CodeIgniter->runController(Object(App\Controllers\Home))
#3 D:\WebSpace\KB\Api-Karigar-Bazar\system\CodeIgniter.php(326): CodeIgniter\CodeIgniter->handleRequest(NULL, Object(Config\Cache), false)
#4 D:\WebSpace\KB\Api-Karigar-Bazar\index.php(45): CodeIgniter\CodeIgniter->run()
#5 {main}
CRITICAL - 2022-04-25 13:33:12 --> Undefined property: App\Controllers\Home::$db
#0 D:\WebSpace\KB\Api-Karigar-Bazar\app\Controllers\Home.php(10): CodeIgniter\Debug\Exceptions->errorHandler(2, 'Undefined prope...', 'D:\\WebSpace\\KB\\...', 10)
#1 D:\WebSpace\KB\Api-Karigar-Bazar\system\CodeIgniter.php(832): App\Controllers\Home->index()
#2 D:\WebSpace\KB\Api-Karigar-Bazar\system\CodeIgniter.php(419): CodeIgniter\CodeIgniter->runController(Object(App\Controllers\Home))
#3 D:\WebSpace\KB\Api-Karigar-Bazar\system\CodeIgniter.php(326): CodeIgniter\CodeIgniter->handleRequest(NULL, Object(Config\Cache), false)
#4 D:\WebSpace\KB\Api-Karigar-Bazar\index.php(45): CodeIgniter\CodeIgniter->run()
#5 {main}
